<?xml version="1.0" encoding="UTF-8"?>
<testng-results ignored="0" total="4" passed="4" failed="0" skipped="0">
  <reporter-output>
  </reporter-output>
  <suite started-at="2020-08-18T05:58:38 ART" name="DynamoMobileTest" finished-at="2020-08-18T05:59:01 ART" duration-ms="22889">
    <groups>
    </groups>
    <test started-at="2020-08-18T05:58:38 ART" name="MercadoLibreBusqueda" finished-at="2020-08-18T05:59:01 ART" duration-ms="22889">
      <class name="com.dynm.ejercicio.ml.OfertasRelampagoPrice">
        <test-method is-config="true" signature="setUp()[pri:0, instance:com.dynm.ejercicio.ml.OfertasRelampagoPrice@7995092a]" started-at="2020-08-18T05:58:38 ART" name="setUp" finished-at="2020-08-18T05:58:43 ART" duration-ms="5472" status="PASS">
          <reporter-output>
          </reporter-output>
        </test-method> <!-- setUp -->
        <test-method signature="a_NavigateToUrl(java.lang.String)[pri:0, instance:com.dynm.ejercicio.ml.OfertasRelampagoPrice@7995092a]" started-at="2020-08-18T05:58:43 ART" name="a_NavigateToUrl" finished-at="2020-08-18T05:58:48 ART" duration-ms="4880" status="PASS">
          <params>
            <param index="0">
              <value>
                <![CDATA[https://www.mercadolibre.com.ar/]]>
              </value>
            </param>
          </params>
          <reporter-output>
          </reporter-output>
        </test-method> <!-- a_NavigateToUrl -->
        <test-method signature="b_CompararPrecio()[pri:0, instance:com.dynm.ejercicio.ml.OfertasRelampagoPrice@7995092a]" started-at="2020-08-18T05:58:48 ART" name="b_CompararPrecio" finished-at="2020-08-18T05:58:51 ART" duration-ms="3135" status="PASS">
          <reporter-output>
          </reporter-output>
        </test-method> <!-- b_CompararPrecio -->
      </class> <!-- com.dynm.ejercicio.ml.OfertasRelampagoPrice -->
      <class name="com.dynm.ejercicio.ml.ValidarResultadosBusqueda">
        <test-method is-config="true" signature="setUp()[pri:0, instance:com.dynm.ejercicio.ml.ValidarResultadosBusqueda@7fc2413d]" started-at="2020-08-18T05:58:51 ART" name="setUp" finished-at="2020-08-18T05:58:56 ART" duration-ms="5086" status="PASS">
          <reporter-output>
          </reporter-output>
        </test-method> <!-- setUp -->
        <test-method signature="a_NavigateToUrl(java.lang.String)[pri:0, instance:com.dynm.ejercicio.ml.ValidarResultadosBusqueda@7fc2413d]" started-at="2020-08-18T05:58:56 ART" name="a_NavigateToUrl" finished-at="2020-08-18T05:58:58 ART" duration-ms="1491" status="PASS">
          <params>
            <param index="0">
              <value>
                <![CDATA[https://www.mercadolibre.com.ar/]]>
              </value>
            </param>
          </params>
          <reporter-output>
          </reporter-output>
        </test-method> <!-- a_NavigateToUrl -->
        <test-method signature="b_SearchML(java.lang.String)[pri:0, instance:com.dynm.ejercicio.ml.ValidarResultadosBusqueda@7fc2413d]" started-at="2020-08-18T05:58:58 ART" name="b_SearchML" finished-at="2020-08-18T05:59:00 ART" duration-ms="2170" status="PASS">
          <params>
            <param index="0">
              <value>
                <![CDATA[ruedas]]>
              </value>
            </param>
          </params>
          <reporter-output>
          </reporter-output>
        </test-method> <!-- b_SearchML -->
        <test-method is-config="true" signature="q_QUIT()[pri:0, instance:com.dynm.ejercicio.ml.ValidarResultadosBusqueda@7fc2413d]" started-at="2020-08-18T05:59:00 ART" name="q_QUIT" finished-at="2020-08-18T05:59:01 ART" duration-ms="627" status="PASS">
          <reporter-output>
          </reporter-output>
        </test-method> <!-- q_QUIT -->
      </class> <!-- com.dynm.ejercicio.ml.ValidarResultadosBusqueda -->
    </test> <!-- MercadoLibreBusqueda -->
  </suite> <!-- DynamoMobileTest -->
</testng-results>
