<?xml version="1.0" encoding="UTF-8"?>
<!-- Generated by org.testng.reporters.JUnitXMLReporter -->
<testsuite ignored="0" hostname="DESKTOP-EB9UJ5O" failures="0" tests="4" name="MercadoLibreBusqueda" time="22.889" errors="0" timestamp="2020-08-18T05:59:01 ART">
  <testcase classname="com.dynm.ejercicio.ml.OfertasRelampagoPrice" name="a_NavigateToUrl" time="4.88"/>
  <testcase classname="com.dynm.ejercicio.ml.OfertasRelampagoPrice" name="b_CompararPrecio" time="3.135"/>
  <testcase classname="com.dynm.ejercicio.ml.ValidarResultadosBusqueda" name="a_NavigateToUrl" time="1.491"/>
  <testcase classname="com.dynm.ejercicio.ml.ValidarResultadosBusqueda" name="b_SearchML" time="2.17"/>
</testsuite> <!-- MercadoLibreBusqueda -->
